Using pre-set license
Built from '2020.2/release' branch; Version is '2020.2.2f1 (068178b99f32) revision 426360'; Using compiler version '192528614'; Build Type 'Release'
OS: 'Windows 10 Pro; OS build 19042.1052; Version 2009; 64bit' Language: 'tr' Physical Memory: 16297 MB
BatchMode: 1, IsHumanControllingUs: 0, StartBugReporterOnCrash: 0, Is64bit: 1, IsPro: 0

 COMMAND LINE ARGUMENTS:
C:\Program Files\Unity\Hub\Editor\2020.2.2f1\Editor\Unity.exe
-adb2
-batchMode
-noUpm
-name
AssetImportWorker0
-projectPath
C:/Users/User/OneDrive/Masaüstü/Unity Projeleri/Cryptic Calendar
-logFile
Logs/AssetImportWorker0.log
-srvPort
59558
Successfully changed project path to: C:/Users/User/OneDrive/Masaüstü/Unity Projeleri/Cryptic Calendar
C:/Users/User/OneDrive/Masaüstü/Unity Projeleri/Cryptic Calendar
Using Asset Import Pipeline V2.
Refreshing native plugins compatible for Editor in 26.59 ms, found 0 plugins.
Preloading 0 native plugins for Editor in 0.00 ms.
Initialize engine version: 2020.2.2f1 (068178b99f32)
[Subsystems] Discovering subsystems at path C:/Program Files/Unity/Hub/Editor/2020.2.2f1/Editor/Data/Resources/UnitySubsystems
[Subsystems] Discovering subsystems at path C:/Users/User/OneDrive/Masaüstü/Unity Projeleri/Cryptic Calendar/Assets
GfxDevice: creating device client; threaded=0
Direct3D:
    Version:  Direct3D 11.0 [level 11.1]
    Renderer: AMD Radeon RX 5600 XT (ID=0x731f)
    Vendor:   
    VRAM:     6103 MB
    Driver:   27.20.21003.8013
Initialize mono
Mono path[0] = 'C:/Program Files/Unity/Hub/Editor/2020.2.2f1/Editor/Data/Managed'
Mono path[1] = 'C:/Program Files/Unity/Hub/Editor/2020.2.2f1/Editor/Data/MonoBleedingEdge/lib/mono/unityjit'
Mono config path = 'C:/Program Files/Unity/Hub/Editor/2020.2.2f1/Editor/Data/MonoBleedingEdge/etc'
Using monoOptions --debugger-agent=transport=dt_socket,embedding=1,server=y,suspend=n,address=127.0.0.1:56588
Begin MonoManager ReloadAssembly
Registering precompiled unity dll's ...
Register platform support module: C:/Program Files/Unity/Hub/Editor/2020.2.2f1/Editor/Data/PlaybackEngines/WindowsStandaloneSupport/UnityEditor.WindowsStandalone.Extensions.dll
Registered in 0.001767 seconds.
Native extension for WindowsStandalone target not found
Refreshing native plugins compatible for Editor in 28.30 ms, found 0 plugins.
Preloading 0 native plugins for Editor in 0.00 ms.
Invoked RoslynAnalysisRunner static constructor.
RoslynAnalysisRunner will not be running.
RoslynAnalysisRunner has terminated.
Mono: successfully reloaded assembly
- Completed reload, in  1.822 seconds
Platform modules already initialized, skipping
Registering precompiled user dll's ...
Registered in 0.000753 seconds.
Begin MonoManager ReloadAssembly
Native extension for WindowsStandalone target not found
Refreshing native plugins compatible for Editor in 0.27 ms, found 0 plugins.
Preloading 0 native plugins for Editor in 0.00 ms.
Invoked RoslynAnalysisRunner static constructor.
RoslynAnalysisRunner will not be running.
RoslynAnalysisRunner has terminated.
Mono: successfully reloaded assembly
- Completed reload, in  0.815 seconds
Platform modules already initialized, skipping
========================================================================
Worker process is ready to serve import requests
Launched and connected shader compiler UnityShaderCompiler.exe after 0.06 seconds
Refreshing native plugins compatible for Editor in 0.28 ms, found 0 plugins.
Preloading 0 native plugins for Editor in 0.00 ms.
Unloading 1481 Unused Serialized files (Serialized files now loaded: 0)
System memory in use before: 71.6 MB.
System memory in use after: 71.6 MB.

Unloading 68 unused Assets to reduce memory usage. Loaded Objects now: 1918.
Total: 2.325200 ms (FindLiveObjects: 0.238700 ms CreateObjectMapping: 0.033800 ms MarkObjects: 1.879100 ms  DeleteObjects: 0.172500 ms)

========================================================================
Received Import Request.
  path: Assets/script/DragObject.cs
  artifactKey: Guid(3009012f828a67c4f820fa4526a97e6e) Importer(815301076,1909f56bfc062723c751e8b465ee728b)
Start importing Assets/script/DragObject.cs using Guid(3009012f828a67c4f820fa4526a97e6e) Importer(815301076,1909f56bfc062723c751e8b465ee728b)  -> (artifact id: 'e2d35f6f1fb99b3617603af1b85d3df6') in 0.062476 seconds
  Import took 0.065772 seconds .

========================================================================
Received Import Request.
  Time since last request: 1364.884876 seconds.
  path: Assets/script/Controler.cs
  artifactKey: Guid(625c212b3f21a274890263b9d0c562da) Importer(815301076,1909f56bfc062723c751e8b465ee728b)
Start importing Assets/script/Controler.cs using Guid(625c212b3f21a274890263b9d0c562da) Importer(815301076,1909f56bfc062723c751e8b465ee728b)  -> (artifact id: '51fa1e07d2c1ee1fe8faaad64e003e77') in 0.002293 seconds
  Import took 0.005970 seconds .

========================================================================
Received Import Request.
  Time since last request: 0.003893 seconds.
  path: Assets/script/Controler.cs
  artifactKey: Guid(625c212b3f21a274890263b9d0c562da) Importer(815301076,1909f56bfc062723c751e8b465ee728b)
Start importing Assets/script/Controler.cs using Guid(625c212b3f21a274890263b9d0c562da) Importer(815301076,1909f56bfc062723c751e8b465ee728b)  -> (artifact id: '51fa1e07d2c1ee1fe8faaad64e003e77') in 0.001889 seconds
  Import took 0.004200 seconds .

========================================================================
Received Prepare
Registering precompiled user dll's ...
Registered in 0.000801 seconds.
Begin MonoManager ReloadAssembly
Native extension for WindowsStandalone target not found
Refreshing native plugins compatible for Editor in 0.27 ms, found 0 plugins.
Preloading 0 native plugins for Editor in 0.00 ms.
Warning: Annotation not found!
UnityEngine.StackTraceUtility:ExtractStackTrace ()
UnityEditor.ProBuilder.EditorUtility:SetGizmoIconEnabled (System.Type,bool) (at Library/PackageCache/com.unity.probuilder@4.4.0/Editor/EditorCore/EditorUtility.cs:593)
UnityEditor.ProBuilder.HierarchyListener:.cctor () (at Library/PackageCache/com.unity.probuilder@4.4.0/Editor/EditorCore/HierarchyListener.cs:21)
System.Runtime.CompilerServices.RuntimeHelpers:RunClassConstructor (System.RuntimeTypeHandle)
UnityEditor.EditorAssemblies:ProcessInitializeOnLoadAttributes (System.Type[])

[Library/PackageCache/com.unity.probuilder@4.4.0/Editor/EditorCore/EditorUtility.cs line 593]

Invoked RoslynAnalysisRunner static constructor.
RoslynAnalysisRunner will not be running.
RoslynAnalysisRunner has terminated.
Mono: successfully reloaded assembly
- Completed reload, in  0.813 seconds
Platform modules already initialized, skipping
Switching build target platform(5) subTarget(0) extendedPlatform(0) -> platform(13) subTarget(537395200) extendedPlatform(0)
Refreshing native plugins compatible for Editor in 0.38 ms, found 0 plugins.
Preloading 0 native plugins for Editor in 0.00 ms.
Unloading 1451 Unused Serialized files (Serialized files now loaded: 0)
System memory in use before: 69.7 MB.
System memory in use after: 69.7 MB.

Unloading 6 unused Assets to reduce memory usage. Loaded Objects now: 1921.
Total: 2.806400 ms (FindLiveObjects: 0.203400 ms CreateObjectMapping: 0.033700 ms MarkObjects: 2.469800 ms  DeleteObjects: 0.097600 ms)

AssetImportParameters requested are different than current active one (requested -> active):
  custom:graphics/normal-map-encoding: 01000000000000000000000000000000 -> 02000000000000000000000000000000
========================================================================
Received Import Request.
  Time since last request: 403.945534 seconds.
  path: Assets/script/DragObject.cs
  artifactKey: Guid(3009012f828a67c4f820fa4526a97e6e) Importer(815301076,1909f56bfc062723c751e8b465ee728b)
Start importing Assets/script/DragObject.cs using Guid(3009012f828a67c4f820fa4526a97e6e) Importer(815301076,1909f56bfc062723c751e8b465ee728b)  -> (artifact id: '02da41248e5b78b2e1bf88cd35713f0d') in 0.003651 seconds
  Import took 0.006725 seconds .

AssetImportWorkerClient::OnTransportError - code=2 error=End of file
